thread fix_thread try to fix the thread mouse_message_after_1(void*)
time:2021.8.8 18:52:56		thread fix_thread beginthread fix_thread try to fix the thread mouse_message_after_1(void*)
time:2021.8.8 18:54:37		thread fix_thread begintime: 2021.8.8 18:54:37		we are trying to fix the thread:mouse_message_after_1.		 fix successfully
thread fix_thread try to fix the thread mouse_message_after_1(void*)
time:2021.8.8 19:0:2		thread fix_thread begin
time: 2021.8.8 19:0:2		we are trying to fix the thread:mouse_message_after_1.errortype: restart thread		 fix successfully
time: 2021.8.8 19:0:3		we are trying to fix the thread:mouse_message_after_1.eerrortype:unknown error		 fix successfully
time: 2021.8.8 19:0:6		we are trying to fix the thread:mouse_message_after_1.eerrortype:unknown error		 fix successfully
time: 2021.8.8 19:0:6		we are trying to fix the thread:mouse_message_after_1.eerrortype:unknown error		 fix successfully
thread fix_thread try to fix the thread mouse_message_after_1(void*)
time:2021.8.8 19:51:9		thread fix_thread begin
time: 2021.8.8 19:51:13		we are trying to fix the thread:mouse_message_after_1.errortype: restart thread		 fix successfully
time: 2021.8.8 19:51:14		we are trying to fix the thread:mouse_message_after_1.errortype: restart thread		 fix successfully
time: 2021.8.8 19:51:14		we are trying to fix the thread:mouse_message_after_1.errortype: restart thread		 fix successfully
time: 2021.8.8 19:51:15		we are trying to fix the thread:mouse_message_after_1.errortype: restart thread		 fix successfully
time: 2021.8.8 19:51:15		we are trying to fix the thread:mouse_message_after_1.errortype: restart thread		 fix successfully
time: 2021.8.8 19:51:16		we are trying to fix the thread:mouse_message_after_1.errortype: restart thread		 fix successfully
time: 2021.8.8 19:51:16		we are trying to fix the thread:mouse_message_after_1.errortype: restart thread		 fix successfully
time: 2021.8.8 19:51:17		we are trying to fix the thread:mouse_message_after_1.errortype: restart thread		 fix successfully
time: 2021.8.8 19:51:17		we are trying to fix the thread:mouse_message_after_1.errortype: restart thread		 fix successfully
time: 2021.8.8 19:51:18		we are trying to fix the thread:mouse_message_after_1.errortype: restart thread		 fix successfully
time: 2021.8.8 19:51:18		we are trying to fix the thread:mouse_message_after_1.errortype: restart thread		 fix successfully
time: 2021.8.8 19:51:19		we are trying to fix the thread:mouse_message_after_1.errortype: restart thread		 fix successfully
time: 2021.8.8 19:51:20		we are trying to fix the thread:mouse_message_after_1.errortype: restart thread		 fix successfully
time: 2021.8.8 19:51:20		we are trying to fix the thread:mouse_message_after_1.errortype: restart thread		 fix successfully
time: 2021.8.8 19:51:21		we are trying to fix the thread:mouse_message_after_1.errortype: restart thread		 fix successfully
time: 2021.8.8 19:51:21		we are trying to fix the thread:mouse_message_after_1.errortype: restart thread		 fix successfully
time: 2021.8.8 19:51:22		we are trying to fix the thread:mouse_message_after_1.errortype: restart thread		 fix successfully
time: 2021.8.8 19:51:22		we are trying to fix the thread:mouse_message_after_1.errortype: restart thread		 fix successfully
time: 2021.8.8 19:51:23		we are trying to fix the thread:mouse_message_after_1.errortype: restart thread		 fix successfully
time: 2021.8.8 19:51:23		we are trying to fix the thread:mouse_message_after_1.errortype: restart thread		 fix successfully
time: 2021.8.8 19:51:24		we are trying to fix the thread:mouse_message_after_1.errortype: restart thread		 fix successfully
time: 2021.8.8 19:51:24		we are trying to fix the thread:mouse_message_after_1.errortype: restart thread		 fix successfully
time: 2021.8.8 19:51:25		we are trying to fix the thread:mouse_message_after_1.errortype: restart thread		 fix successfully
time: 2021.8.8 19:51:25		we are trying to fix the thread:mouse_message_after_1.errortype: restart thread		 fix successfully
time: 2021.8.8 19:51:26		we are trying to fix the thread:mouse_message_after_1.errortype: restart thread		 fix successfully
time: 2021.8.8 19:51:26		we are trying to fix the thread:mouse_message_after_1.errortype: restart thread		 fix successfully
time: 2021.8.8 19:51:27		we are trying to fix the thread:mouse_message_after_1.errortype: restart thread		 fix successfully
time: 2021.8.8 19:51:27		we are trying to fix the thread:mouse_message_after_1.errortype: restart thread		 fix successfully
time: 2021.8.8 19:51:28		we are trying to fix the thread:mouse_message_after_1.errortype: restart thread		 fix successfully
time: 2021.8.8 19:51:28		we are trying to fix the thread:mouse_message_after_1.errortype: restart thread		 fix successfully
time: 2021.8.8 19:51:29		we are trying to fix the thread:mouse_message_after_1.errortype: restart thread		 fix successfully
time: 2021.8.8 19:51:29		we are trying to fix the thread:mouse_message_after_1.errortype: restart thread		 fix successfully
time: 2021.8.8 19:51:30		we are trying to fix the thread:mouse_message_after_1.errortype: restart thread		 fix successfully
time: 2021.8.8 19:51:30		we are trying to fix the thread:mouse_message_after_1.errortype: restart thread		 fix successfully
time: 2021.8.8 19:51:31		we are trying to fix the thread:mouse_message_after_1.errortype: restart thread		 fix successfully
time: 2021.8.8 19:51:32		we are trying to fix the thread:mouse_message_after_1.errortype: restart thread		 fix successfully
time: 2021.8.8 19:51:32		we are trying to fix the thread:mouse_message_after_1.errortype: restart thread		 fix successfully
time: 2021.8.8 19:51:33		we are trying to fix the thread:mouse_message_after_1.errortype: restart thread		 fix successfully
time: 2021.8.8 19:51:33		we are trying to fix the thread:mouse_message_after_1.errortype: restart thread		 fix successfully
time: 2021.8.8 19:51:34		we are trying to fix the thread:mouse_message_after_1.errortype: restart thread		 fix successfully
time: 2021.8.8 19:51:34		we are trying to fix the thread:mouse_message_after_1.errortype: restart thread		 fix successfully
time: 2021.8.8 19:51:35		we are trying to fix the thread:mouse_message_after_1.errortype: restart thread		 fix successfully
time: 2021.8.8 19:51:36		we are trying to fix the thread:mouse_message_after_1.errortype: restart thread		 fix successfully
time: 2021.8.8 19:51:36		we are trying to fix the thread:mouse_message_after_1.errortype: restart thread		 fix successfully
time: 2021.8.8 19:51:37		we are trying to fix the thread:mouse_message_after_1.errortype: restart thread		 fix successfully
time: 2021.8.8 19:51:37		we are trying to fix the thread:mouse_message_after_1.errortype: restart thread		 fix successfully
time: 2021.8.8 19:51:38		we are trying to fix the thread:mouse_message_after_1.errortype: restart thread		 fix successfully
time: 2021.8.8 19:51:38		we are trying to fix the thread:mouse_message_after_1.errortype: restart thread		 fix successfully
time: 2021.8.8 19:51:39		we are trying to fix the thread:mouse_message_after_1.errortype: restart thread		 fix successfully
time: 2021.8.8 19:51:39		we are trying to fix the thread:mouse_message_after_1.errortype: restart thread		 fix successfully
time: 2021.8.8 19:51:40		we are trying to fix the thread:mouse_message_after_1.errortype: restart thread		 fix successfully
time: 2021.8.8 19:51:40		we are trying to fix the thread:mouse_message_after_1.errortype: restart thread		 fix successfully
time: 2021.8.8 19:51:41		we are trying to fix the thread:mouse_message_after_1.errortype: restart thread		 fix successfully
time: 2021.8.8 19:51:41		we are trying to fix the thread:mouse_message_after_1.errortype: restart thread		 fix successfully
time: 2021.8.8 19:51:42		we are trying to fix the thread:mouse_message_after_1.errortype: restart thread		 fix successfully
time: 2021.8.8 19:51:42		we are trying to fix the thread:mouse_message_after_1.errortype: restart thread		 fix successfully
time: 2021.8.8 19:51:43		we are trying to fix the thread:mouse_message_after_1.errortype: restart thread		 fix successfully
time: 2021.8.8 19:51:43		we are trying to fix the thread:mouse_message_after_1.errortype: restart thread		 fix successfully
time: 2021.8.8 19:51:44		we are trying to fix the thread:mouse_message_after_1.errortype: restart thread		 fix successfully
time: 2021.8.8 19:51:44		we are trying to fix the thread:mouse_message_after_1.errortype: restart thread		 fix successfully
time: 2021.8.8 19:51:45		we are trying to fix the thread:mouse_message_after_1.errortype: restart thread		 fix successfully
time: 2021.8.8 19:51:45		we are trying to fix the thread:mouse_message_after_1.errortype: restart thread		 fix successfully
time: 2021.8.8 19:51:46		we are trying to fix the thread:mouse_message_after_1.errortype: restart thread		 fix successfully
time: 2021.8.8 19:51:46		we are trying to fix the thread:mouse_message_after_1.errortype: restart thread		 fix successfully
time: 2021.8.8 19:51:47		we are trying to fix the thread:mouse_message_after_1.errortype: restart thread		 fix successfully
time: 2021.8.8 19:51:48		we are trying to fix the thread:mouse_message_after_1.errortype: restart thread		 fix successfully
time: 2021.8.8 19:51:48		we are trying to fix the thread:mouse_message_after_1.errortype: restart thread		 fix successfully
time: 2021.8.8 19:51:49		we are trying to fix the thread:mouse_message_after_1.errortype: restart thread		 fix successfully
time: 2021.8.8 19:51:49		we are trying to fix the thread:mouse_message_after_1.errortype: restart thread		 fix successfully
time: 2021.8.8 19:51:50		we are trying to fix the thread:mouse_message_after_1.errortype: restart thread		 fix successfully
time: 2021.8.8 19:51:50		we are trying to fix the thread:mouse_message_after_1.errortype: restart thread		 fix successfully
time: 2021.8.8 19:51:51		we are trying to fix the thread:mouse_message_after_1.errortype: restart thread		 fix successfully
time: 2021.8.8 19:51:51		we are trying to fix the thread:mouse_message_after_1.errortype: restart thread		 fix successfully
time: 2021.8.8 19:51:52		we are trying to fix the thread:mouse_message_after_1.errortype: restart thread		 fix successfully
time: 2021.8.8 19:51:52		we are trying to fix the thread:mouse_message_after_1.errortype: restart thread		 fix successfully
time: 2021.8.8 19:51:53		we are trying to fix the thread:mouse_message_after_1.errortype:unknown error		 fix successfully
thread fix_thread try to fix the thread mouse_message_after_1(void*)
time:2021.8.8 19:55:40		thread fix_thread begin
